Flat profile:

Each sample counts as 0.01 seconds.
 no time accumulated

  %   cumulative   self              self     total           
 time   seconds   seconds    calls  Ts/call  Ts/call  name    
  0.00      0.00     0.00       15     0.00     0.00  std::remove_reference<int&>::type&& std::move<int&>(int&)
  0.00      0.00     0.00        5     0.00     0.00  std::enable_if<std::__and_<std::__not_<std::__is_tuple_like<int> >, std::is_move_constructible<int>, std::is_move_assignable<int> >::value, void>::type std::swap<int>(int&, int&)
  0.00      0.00     0.00        4     0.00     0.00  partition(int*, int, int)
  0.00      0.00     0.00        1     0.00     0.00  quickSort(int*, int, int)

			Call graph


granularity: each sample hit covers 4 byte(s) no time propagated

index % time    self  children    called     name
                0.00    0.00      15/15          std::enable_if<std::__and_<std::__not_<std::__is_tuple_like<int> >, std::is_move_constructible<int>, std::is_move_assignable<int> >::value, void>::type std::swap<int>(int&, int&) [5]
[4]      0.0    0.00    0.00      15         std::remove_reference<int&>::type&& std::move<int&>(int&) [4]
-----------------------------------------------
                0.00    0.00       5/5           partition(int*, int, int) [6]
[5]      0.0    0.00    0.00       5         std::enable_if<std::__and_<std::__not_<std::__is_tuple_like<int> >, std::is_move_constructible<int>, std::is_move_assignable<int> >::value, void>::type std::swap<int>(int&, int&) [5]
                0.00    0.00      15/15          std::remove_reference<int&>::type&& std::move<int&>(int&) [4]
-----------------------------------------------
                0.00    0.00       4/4           quickSort(int*, int, int) [7]
[6]      0.0    0.00    0.00       4         partition(int*, int, int) [6]
                0.00    0.00       5/5           std::enable_if<std::__and_<std::__not_<std::__is_tuple_like<int> >, std::is_move_constructible<int>, std::is_move_assignable<int> >::value, void>::type std::swap<int>(int&, int&) [5]
-----------------------------------------------
                                   8             quickSort(int*, int, int) [7]
                0.00    0.00       1/1           main [3]
[7]      0.0    0.00    0.00       1+8       quickSort(int*, int, int) [7]
                0.00    0.00       4/4           partition(int*, int, int) [6]
                                   8             quickSort(int*, int, int) [7]
-----------------------------------------------

Index by function name

   [6] partition(int*, int, int) [4] std::remove_reference<int&>::type&& std::move<int&>(int&)
   [7] quickSort(int*, int, int) [5] std::enable_if<std::__and_<std::__not_<std::__is_tuple_like<int> >, std::is_move_constructible<int>, std::is_move_assignable<int> >::value, void>::type std::swap<int>(int&, int&)
